./.venv/lib/python3.12/site-packages/jumanji/environments/routing/cvrp/viewer.py:21: UserWarning: pkg_resources is deprecated as an API. See https://setuptools.pypa.io/en/latest/pkg_resources.html. The pkg_resources package is slated for removal as early as 2025-11-30. Refrain from using this package or pin to Setuptools<81.
  import pkg_resources
task:
  ENV_NAME: dsse
  ROLLOUT_LENGTH: 100
  ENV_KWARGS:
    grid_size: 7
    n_drones: 4
    n_targets: 2
    timestep_limit: 100
    vector_x: 1.1
    vector_y: 1.0
    dispersion_inc: 0.1
    n_drones_to_rescue: 2
  TASK_NAME: dsse
algorithm:
  ALG: ippo
  TOTAL_TIMESTEPS: 100000
  ACTOR_TYPE: mlp
  NUM_CHECKPOINTS: 5
  GAMMA: 0.99
  GAE_LAMBDA: 0.95
  VF_COEF: 0.5
  MAX_GRAD_NORM: 1.0
  ANNEAL_LR: true
  SEED: 42
  LR: 0.0003
  NUM_ENVS: 64
  UPDATE_EPOCHS: 10
  NUM_MINIBATCHES: 4
  CLIP_EPS: 0.2
  ENT_COEF: 0.01
  NUM_SEEDS: 3
  TRAIN_SEED: 20374
  ENV_NAME: dsse
  ENV_KWARGS:
    grid_size: 7
    n_drones: 4
    n_targets: 2
    timestep_limit: 100
    vector_x: 1.1
    vector_y: 1.0
    dispersion_inc: 0.1
    n_drones_to_rescue: 2
  ROLLOUT_LENGTH: 100
ENV_NAME: dsse
ENV_KWARGS:
  grid_size: 7
  n_drones: 4
  n_targets: 2
  timestep_limit: 100
  vector_x: 1.1
  vector_y: 1.0
  dispersion_inc: 0.1
  n_drones_to_rescue: 2
ROLLOUT_LENGTH: 100
TASK_NAME: dsse
label: scale_bench_64
name: dsse/ippo/scale_bench_64
logger:
  project: aht-benchmark
  entity: aht-project
  tags:
  - ippo
  - dsse
  - seed=20374
  - scale_bench_64
  mode: disabled
  verbose: false
  log_train_out: true
  log_eval_out: true
local_logger:
  save_train_out: true
  save_eval_out: true

IPPO Training:   0%|          | 0/15 [00:00<?, ?update/s]IPPO Training:   7%|▋         | 1/15 [00:12<02:54, 12.45s/update]IPPO Training:  47%|████▋     | 7/15 [00:12<00:10,  1.32s/update]IPPO Training:  87%|████████▋ | 13/15 [00:12<00:01,  1.70update/s]IPPO Training: 100%|██████████| 15/15 [00:12<00:00,  1.18update/s]
wandb: Adding directory to artifact (./results/dsse/ippo/scale_bench_64/2026-04-06_23-19-20/saved_train_run)... Done. 0.0s
